[INFO] Scanning for projects...
[INFO]                                                                         
[INFO] ------------------------------------------------------------------------
[INFO] Building QXCMP Core Module 1.0.0.RELEASE
[INFO] ------------------------------------------------------------------------
[INFO] 
[INFO] --- maven-dependency-plugin:3.0.1:tree (default-cli) @ qxcmp-core ---
[INFO] com.github.aaricchen:qxcmp-core:jar:1.0.0.RELEASE
[INFO] +- com.aliyun.mns:aliyun-sdk-mns:jar:jar-with-dependencies:1.1.8:compile
[INFO] |  +- org.apache.httpcomponents:httpasyncclient:jar:4.1.3:compile
[INFO] |  |  +- org.apache.httpcomponents:httpcore:jar:4.4.9:compile
[INFO] |  |  +- org.apache.httpcomponents:httpcore-nio:jar:4.4.9:compile
[INFO] |  |  \- org.apache.httpcomponents:httpclient:jar:4.5.5:compile
[INFO] |  +- commons-logging:commons-logging:jar:1.1.3:compile
[INFO] |  \- log4j:log4j:jar:1.2.17:compile
[INFO] +- com.github.binarywang:weixin-java-mp:jar:2.9.0:compile
[INFO] |  \- com.github.binarywang:weixin-java-common:jar:2.9.0:compile
[INFO] |     +- com.thoughtworks.xstream:xstream:jar:1.4.9:compile
[INFO] |     |  +- xmlpull:xmlpull:jar:1.1.3.1:compile
[INFO] |     |  \- xpp3:xpp3_min:jar:1.1.4c:compile
[INFO] |     +- org.apache.httpcomponents:httpmime:jar:4.5.5:compile
[INFO] |     \- org.slf4j:jcl-over-slf4j:jar:1.7.25:compile
[INFO] +- com.github.binarywang:weixin-java-pay:jar:2.9.0:compile
[INFO] |  \- com.github.binarywang:qrcode-utils:jar:1.1:compile
[INFO] +- com.github.stuxuhai:jpinyin:jar:1.1.8:compile
[INFO] +- com.google.code.gson:gson:jar:2.8.1:compile
[INFO] +- com.google.guava:guava:jar:24.0-jre:compile
[INFO] |  +- com.google.code.findbugs:jsr305:jar:1.3.9:compile
[INFO] |  +- org.checkerframework:checker-compat-qual:jar:2.0.0:compile
[INFO] |  +- com.google.errorprone:error_prone_annotations:jar:2.1.3:compile
[INFO] |  +- com.google.j2objc:j2objc-annotations:jar:1.1:compile
[INFO] |  \- org.codehaus.mojo:animal-sniffer-annotations:jar:1.14:compile
[INFO] +- com.google.zxing:javase:jar:3.3.0:compile
[INFO] |  +- com.google.zxing:core:jar:3.3.0:compile
[INFO] |  +- com.beust:jcommander:jar:1.48:compile
[INFO] |  \- com.github.jai-imageio:jai-imageio-core:jar:1.3.1:compile
[INFO] +- com.jcabi:jcabi-manifests:jar:1.1:compile
[INFO] |  \- com.jcabi:jcabi-log:jar:0.14:compile
[INFO] |     \- org.slf4j:slf4j-api:jar:1.7.25:compile
[INFO] +- commons-io:commons-io:jar:2.5:compile
[INFO] +- joda-time:joda-time:jar:2.9.9:compile
[INFO] +- mysql:mysql-connector-java:jar:5.1.45:compile
[INFO] +- net.coobird:thumbnailator:jar:0.4.8:compile
[INFO] +- org.apache.commons:commons-csv:jar:1.5:compile
[INFO] +- org.apache.commons:commons-lang3:jar:3.7:compile
[INFO] +- org.apache.poi:poi:jar:3.15:compile
[INFO] |  +- commons-codec:commons-codec:jar:1.11:compile
[INFO] |  \- org.apache.commons:commons-collections4:jar:4.1:compile
[INFO] +- org.apache.poi:poi-ooxml:jar:3.15:compile
[INFO] |  +- org.apache.poi:poi-ooxml-schemas:jar:3.15:compile
[INFO] |  |  \- org.apache.xmlbeans:xmlbeans:jar:2.6.0:compile
[INFO] |  |     \- stax:stax-api:jar:1.0.1:compile
[INFO] |  \- com.github.virtuald:curvesapi:jar:1.04:compile
[INFO] +- org.jodd:jodd-http:jar:3.7.1:compile
[INFO] |  +- org.jodd:jodd-core:jar:3.7.1:compile
[INFO] |  \- org.jodd:jodd-upload:jar:3.7.1:compile
[INFO] +- org.jsoup:jsoup:jar:1.11.2:compile
[INFO] +- org.projectlombok:lombok:jar:1.16.20:compile
[INFO] +- org.springframework.boot:spring-boot-starter:jar:2.0.0.RELEASE:compile
[INFO] |  +- org.springframework.boot:spring-boot:jar:2.0.0.RELEASE:compile
[INFO] |  +- org.springframework.boot:spring-boot-autoconfigure:jar:2.0.0.RELEASE:compile
[INFO] |  +- javax.annotation:javax.annotation-api:jar:1.3.2:compile
[INFO] |  +- org.springframework:spring-core:jar:5.0.4.RELEASE:compile
[INFO] |  |  \- org.springframework:spring-jcl:jar:5.0.4.RELEASE:compile
[INFO] |  \- org.yaml:snakeyaml:jar:1.19:runtime
[INFO] +- org.springframework.boot:spring-boot-starter-log4j2:jar:2.0.0.RELEASE:compile
[INFO] |  +- org.apache.logging.log4j:log4j-slf4j-impl:jar:2.10.0:compile
[INFO] |  |  \- org.apache.logging.log4j:log4j-api:jar:2.10.0:compile
[INFO] |  +- org.apache.logging.log4j:log4j-core:jar:2.10.0:compile
[INFO] |  \- org.slf4j:jul-to-slf4j:jar:1.7.25:compile
[INFO] +- org.springframework.boot:spring-boot-starter-thymeleaf:jar:2.0.0.RELEASE:compile
[INFO] |  +- org.thymeleaf:thymeleaf-spring5:jar:3.0.9.RELEASE:compile
[INFO] |  |  \- org.thymeleaf:thymeleaf:jar:3.0.9.RELEASE:compile
[INFO] |  |     +- org.attoparser:attoparser:jar:2.0.4.RELEASE:compile
[INFO] |  |     \- org.unbescape:unbescape:jar:1.1.5.RELEASE:compile
[INFO] |  \- org.thymeleaf.extras:thymeleaf-extras-java8time:jar:3.0.1.RELEASE:compile
[INFO] +- org.springframework.boot:spring-boot-starter-web:jar:2.0.0.RELEASE:compile
[INFO] |  +- org.springframework.boot:spring-boot-starter-json:jar:2.0.0.RELEASE:compile
[INFO] |  |  +- com.fasterxml.jackson.core:jackson-databind:jar:2.9.4:compile
[INFO] |  |  |  \- com.fasterxml.jackson.core:jackson-core:jar:2.9.4:compile
[INFO] |  |  +- com.fasterxml.jackson.datatype:jackson-datatype-jdk8:jar:2.9.4:compile
[INFO] |  |  +- com.fasterxml.jackson.datatype:jackson-datatype-jsr310:jar:2.9.4:compile
[INFO] |  |  \- com.fasterxml.jackson.module:jackson-module-parameter-names:jar:2.9.4:compile
[INFO] |  +- org.springframework.boot:spring-boot-starter-tomcat:jar:2.0.0.RELEASE:compile
[INFO] |  |  +- org.apache.tomcat.embed:tomcat-embed-core:jar:8.5.28:compile
[INFO] |  |  +- org.apache.tomcat.embed:tomcat-embed-el:jar:8.5.28:compile
[INFO] |  |  \- org.apache.tomcat.embed:tomcat-embed-websocket:jar:8.5.28:compile
[INFO] |  +- org.hibernate.validator:hibernate-validator:jar:6.0.7.Final:compile
[INFO] |  |  +- javax.validation:validation-api:jar:2.0.1.Final:compile
[INFO] |  |  +- org.jboss.logging:jboss-logging:jar:3.3.2.Final:compile
[INFO] |  |  \- com.fasterxml:classmate:jar:1.3.4:compile
[INFO] |  +- org.springframework:spring-web:jar:5.0.4.RELEASE:compile
[INFO] |  |  \- org.springframework:spring-beans:jar:5.0.4.RELEASE:compile
[INFO] |  \- org.springframework:spring-webmvc:jar:5.0.4.RELEASE:compile
[INFO] |     \- org.springframework:spring-expression:jar:5.0.4.RELEASE:compile
[INFO] +- org.springframework.boot:spring-boot-starter-websocket:jar:2.0.0.RELEASE:compile
[INFO] |  +- org.springframework:spring-messaging:jar:5.0.4.RELEASE:compile
[INFO] |  \- org.springframework:spring-websocket:jar:5.0.4.RELEASE:compile
[INFO] +- org.springframework.boot:spring-boot-starter-security:jar:2.0.0.RELEASE:compile
[INFO] |  +- org.springframework:spring-aop:jar:5.0.4.RELEASE:compile
[INFO] |  +- org.springframework.security:spring-security-config:jar:5.0.3.RELEASE:compile
[INFO] |  |  \- org.springframework.security:spring-security-core:jar:5.0.3.RELEASE:compile
[INFO] |  \- org.springframework.security:spring-security-web:jar:5.0.3.RELEASE:compile
[INFO] +- org.springframework.boot:spring-boot-starter-data-jpa:jar:2.0.0.RELEASE:compile
[INFO] |  +- org.springframework.boot:spring-boot-starter-aop:jar:2.0.0.RELEASE:compile
[INFO] |  |  \- org.aspectj:aspectjweaver:jar:1.8.13:compile
[INFO] |  +- org.springframework.boot:spring-boot-starter-jdbc:jar:2.0.0.RELEASE:compile
[INFO] |  |  +- com.zaxxer:HikariCP:jar:2.7.8:compile
[INFO] |  |  \- org.springframework:spring-jdbc:jar:5.0.4.RELEASE:compile
[INFO] |  +- org.hibernate:hibernate-core:jar:5.2.14.Final:compile
[INFO] |  |  +- org.hibernate.javax.persistence:hibernate-jpa-2.1-api:jar:1.0.0.Final:compile
[INFO] |  |  +- org.javassist:javassist:jar:3.22.0-GA:compile
[INFO] |  |  +- antlr:antlr:jar:2.7.7:compile
[INFO] |  |  +- org.jboss:jandex:jar:2.0.3.Final:compile
[INFO] |  |  +- dom4j:dom4j:jar:1.6.1:compile
[INFO] |  |  \- org.hibernate.common:hibernate-commons-annotations:jar:5.0.1.Final:compile
[INFO] |  +- javax.transaction:javax.transaction-api:jar:1.2:compile
[INFO] |  +- org.springframework.data:spring-data-jpa:jar:2.0.5.RELEASE:compile
[INFO] |  |  +- org.springframework.data:spring-data-commons:jar:2.0.5.RELEASE:compile
[INFO] |  |  +- org.springframework:spring-orm:jar:5.0.4.RELEASE:compile
[INFO] |  |  \- org.springframework:spring-tx:jar:5.0.4.RELEASE:compile
[INFO] |  \- org.springframework:spring-aspects:jar:5.0.4.RELEASE:compile
[INFO] +- org.springframework.boot:spring-boot-starter-data-rest:jar:2.0.0.RELEASE:compile
[INFO] |  \- org.springframework.data:spring-data-rest-webmvc:jar:3.0.5.RELEASE:compile
[INFO] |     +- org.springframework.data:spring-data-rest-core:jar:3.0.5.RELEASE:compile
[INFO] |     |  \- org.atteo:evo-inflector:jar:1.2.2:compile
[INFO] |     \- com.fasterxml.jackson.core:jackson-annotations:jar:2.9.0:compile
[INFO] +- org.springframework.boot:spring-boot-starter-hateoas:jar:2.0.0.RELEASE:compile
[INFO] |  +- org.springframework.hateoas:spring-hateoas:jar:0.24.0.RELEASE:compile
[INFO] |  \- org.springframework.plugin:spring-plugin-core:jar:1.2.0.RELEASE:compile
[INFO] +- org.springframework.boot:spring-boot-starter-mail:jar:2.0.0.RELEASE:compile
[INFO] |  +- org.springframework:spring-context:jar:5.0.4.RELEASE:compile
[INFO] |  +- org.springframework:spring-context-support:jar:5.0.4.RELEASE:compile
[INFO] |  \- com.sun.mail:javax.mail:jar:1.6.1:compile
[INFO] |     \- javax.activation:activation:jar:1.1:compile
[INFO] +- org.springframework.boot:spring-boot-starter-actuator:jar:2.0.0.RELEASE:compile
[INFO] |  +- org.springframework.boot:spring-boot-actuator-autoconfigure:jar:2.0.0.RELEASE:compile
[INFO] |  |  \- org.springframework.boot:spring-boot-actuator:jar:2.0.0.RELEASE:compile
[INFO] |  \- io.micrometer:micrometer-core:jar:1.0.1:compile
[INFO] |     +- org.hdrhistogram:HdrHistogram:jar:2.1.10:compile
[INFO] |     \- org.latencyutils:LatencyUtils:jar:2.0.3:compile
[INFO] +- org.springframework.boot:spring-boot-devtools:jar:2.0.0.RELEASE:compile
[INFO] +- org.springframework.boot:spring-boot-configuration-processor:jar:2.0.0.RELEASE:compile
[INFO] \- org.springframework.mobile:spring-mobile-device:jar:1.1.5.RELEASE:compile
[INFO] ------------------------------------------------------------------------
[INFO] BUILD SUCCESS
[INFO] ------------------------------------------------------------------------
[INFO] Total time: 14.476s
[INFO] Finished at: Wed Mar 07 09:39:15 CST 2018
[INFO] Final Memory: 22M/225M
[INFO] ------------------------------------------------------------------------
